[0.114s] DEBUG:colcon:Command line arguments: ['/usr/bin/colcon', 'build', '--packages-select', 'scanlite_analysis_ros2']
[0.114s] DEBUG:colcon:Parsed command line arguments: Namespace(log_base=None, log_level=None, verb_name='build', build_base='build', install_base='install', merge_install=False, symlink_install=False, test_result_base=None, continue_on_error=False, executor='parallel', parallel_workers=16, event_handlers=None, ignore_user_meta=False, metas=['./colcon.meta'], base_paths=['.'], packages_ignore=None, packages_ignore_regex=None, paths=None, packages_up_to=None, packages_up_to_regex=None, packages_above=None, packages_above_and_dependencies=None, packages_above_depth=None, packages_select_by_dep=None, packages_skip_by_dep=None, packages_skip_up_to=None, packages_select_build_failed=False, packages_skip_build_finished=False, packages_select_test_failures=False, packages_skip_test_passed=False, packages_select=['scanlite_analysis_ros2'], packages_skip=None, packages_select_regex=None, packages_skip_regex=None, packages_start=None, packages_end=None, allow_overriding=[], cmake_args=None, cmake_target=None, cmake_target_skip_unavailable=False, cmake_clean_cache=False, cmake_clean_first=False, cmake_force_configure=False, ament_cmake_args=None, catkin_cmake_args=None, catkin_skip_building_tests=False, mixin_files=None, mixin=None, verb_parser=<colcon_mixin.mixin.mixin_argument.MixinArgumentDecorator object at 0x722372324160>, verb_extension=<colcon_core.verb.build.BuildVerb object at 0x72237249a980>, main=<bound method BuildVerb.main of <colcon_core.verb.build.BuildVerb object at 0x72237249a980>>, mixin_verb=('build',))
[0.277s] Level 1:colcon.colcon_core.package_discovery:discover_packages(colcon_meta) check parameters
[0.277s] Level 1:colcon.colcon_core.package_discovery:discover_packages(recursive) check parameters
[0.277s] Level 1:colcon.colcon_core.package_discovery:discover_packages(ignore) check parameters
[0.277s] Level 1:colcon.colcon_core.package_discovery:discover_packages(path) check parameters
[0.277s] Level 1:colcon.colcon_core.package_discovery:discover_packages(colcon_meta) discover
[0.277s] Level 1:colcon.colcon_core.package_discovery:discover_packages(recursive) discover
[0.277s] INFO:colcon.colcon_core.package_discovery:Crawling recursively for packages in '/home/nadia/ros2_humble/src/scanlite_analysis_ros2'
[0.278s] Level 1:colcon.colcon_core.package_identification:_identify(.) by extensions ['ignore', 'ignore_ament_install']
[0.278s] Level 1:colcon.colcon_core.package_identification:_identify(.) by extension 'ignore'
[0.278s] Level 1:colcon.colcon_core.package_identification:_identify(.) by extension 'ignore_ament_install'
[0.278s] Level 1:colcon.colcon_core.package_identification:_identify(.) by extensions ['colcon_pkg']
[0.278s] Level 1:colcon.colcon_core.package_identification:_identify(.) by extension 'colcon_pkg'
[0.278s] Level 1:colcon.colcon_core.package_identification:_identify(.) by extensions ['colcon_meta']
[0.278s] Level 1:colcon.colcon_core.package_identification:_identify(.) by extension 'colcon_meta'
[0.278s] Level 1:colcon.colcon_core.package_identification:_identify(.) by extensions ['ros']
[0.278s] Level 1:colcon.colcon_core.package_identification:_identify(.) by extension 'ros'
[0.287s] DEBUG:colcon.colcon_core.package_identification:Package '.' with type 'ros.ament_cmake' and name 'scanlite_analysis_ros2'
[0.287s] Level 1:colcon.colcon_core.package_discovery:discover_packages(recursive) using defaults
[0.287s] Level 1:colcon.colcon_core.package_discovery:discover_packages(ignore) discover
[0.287s] Level 1:colcon.colcon_core.package_discovery:discover_packages(ignore) using defaults
[0.287s] Level 1:colcon.colcon_core.package_discovery:discover_packages(path) discover
[0.287s] Level 1:colcon.colcon_core.package_discovery:discover_packages(path) using defaults
[0.302s] Level 1:colcon.colcon_core.package_discovery:discover_packages(prefix_path) check parameters
[0.302s] Level 1:colcon.colcon_core.package_discovery:discover_packages(prefix_path) discover
[0.305s] DEBUG:colcon.colcon_installed_package_information.package_discovery:Found 50 installed packages in /home/nadia/ros2_humble/install
[0.307s] DEBUG:colcon.colcon_installed_package_information.package_discovery:Found 390 installed packages in /opt/ros/humble
[0.309s] Level 1:colcon.colcon_core.package_discovery:discover_packages(prefix_path) using defaults
[0.345s] Level 5:colcon.colcon_core.verb:set package 'scanlite_analysis_ros2' build argument 'cmake_args' from command line to 'None'
[0.345s] Level 5:colcon.colcon_core.verb:set package 'scanlite_analysis_ros2' build argument 'cmake_target' from command line to 'None'
[0.345s] Level 5:colcon.colcon_core.verb:set package 'scanlite_analysis_ros2' build argument 'cmake_target_skip_unavailable' from command line to 'False'
[0.346s] Level 5:colcon.colcon_core.verb:set package 'scanlite_analysis_ros2' build argument 'cmake_clean_cache' from command line to 'False'
[0.346s] Level 5:colcon.colcon_core.verb:set package 'scanlite_analysis_ros2' build argument 'cmake_clean_first' from command line to 'False'
[0.346s] Level 5:colcon.colcon_core.verb:set package 'scanlite_analysis_ros2' build argument 'cmake_force_configure' from command line to 'False'
[0.346s] Level 5:colcon.colcon_core.verb:set package 'scanlite_analysis_ros2' build argument 'ament_cmake_args' from command line to 'None'
[0.346s] Level 5:colcon.colcon_core.verb:set package 'scanlite_analysis_ros2' build argument 'catkin_cmake_args' from command line to 'None'
[0.346s] Level 5:colcon.colcon_core.verb:set package 'scanlite_analysis_ros2' build argument 'catkin_skip_building_tests' from command line to 'False'
[0.346s] DEBUG:colcon.colcon_core.verb:Building package 'scanlite_analysis_ros2' with the following arguments: {'ament_cmake_args': None, 'build_base': '/home/nadia/ros2_humble/src/scanlite_analysis_ros2/build/scanlite_analysis_ros2', 'catkin_cmake_args': None, 'catkin_skip_building_tests': False, 'cmake_args': None, 'cmake_clean_cache': False, 'cmake_clean_first': False, 'cmake_force_configure': False, 'cmake_target': None, 'cmake_target_skip_unavailable': False, 'install_base': '/home/nadia/ros2_humble/src/scanlite_analysis_ros2/install/scanlite_analysis_ros2', 'merge_install': False, 'path': '/home/nadia/ros2_humble/src/scanlite_analysis_ros2', 'symlink_install': False, 'test_result_base': None}
[0.346s] INFO:colcon.colcon_core.executor:Executing jobs using 'parallel' executor
[0.346s] DEBUG:colcon.colcon_parallel_executor.executor.parallel:run_until_complete
[0.347s] INFO:colcon.colcon_ros.task.ament_cmake.build:Building ROS package in '/home/nadia/ros2_humble/src/scanlite_analysis_ros2' with build type 'ament_cmake'
[0.347s] INFO:colcon.colcon_cmake.task.cmake.build:Building CMake package in '/home/nadia/ros2_humble/src/scanlite_analysis_ros2'
[0.349s] INFO:colcon.colcon_core.plugin_system:Skipping extension 'colcon_core.shell.bat': Not used on non-Windows systems
[0.349s] INFO:colcon.colcon_core.shell:Skip shell extension 'powershell' for command environment: Not usable outside of PowerShell
[0.349s] DEBUG:colcon.colcon_core.shell:Skip shell extension 'dsv' for command environment
[0.363s] DEBUG:colcon.colcon_core.event_handler.log_command:Invoking command in '/home/nadia/ros2_humble/src/scanlite_analysis_ros2/build/scanlite_analysis_ros2': CMAKE_PREFIX_PATH=${CMAKE_PREFIX_PATH}:/opt/ros/humble:/home/nadia/ros2_humble/install/rqt_topic:/home/nadia/ros2_humble/install/rqt_srv:/home/nadia/ros2_humble/install/rqt_shell:/home/nadia/ros2_humble/install/rqt_service_caller:/home/nadia/ros2_humble/install/rqt_reconfigure:/home/nadia/ros2_humble/install/rqt_py_console:/home/nadia/ros2_humble/install/rqt_publisher:/home/nadia/ros2_humble/install/rqt_bag_plugins:/home/nadia/ros2_humble/install/rqt_plot:/home/nadia/ros2_humble/install/rqt_action:/home/nadia/ros2_humble/install/rqt_msg:/home/nadia/ros2_humble/install/rqt_console:/home/nadia/ros2_humble/install/rqt:/home/nadia/ros2_humble/install/rqt_graph:/home/nadia/ros2_humble/install/rqt_bag:/home/nadia/ros2_humble/install/rqt_gui_py:/home/nadia/ros2_humble/install/rqt_gui:/home/nadia/ros2_humble/install/stretch_funmap:/home/nadia/ros2_humble/install/stretch_calibration:/home/nadia/ros2_humble/install/stretch_demos:/home/nadia/ros2_humble/install/stretch_deep_perception:/home/nadia/ros2_humble/install/stretch_core:/home/nadia/ros2_humble/install/ros2_segmentation_viewer:/home/nadia/ros2_humble/install/hello_helpers:/home/nadia/ros2_humble/install/camera_info_manager_py /usr/bin/cmake --build /home/nadia/ros2_humble/src/scanlite_analysis_ros2/build/scanlite_analysis_ros2 -- -j16 -l16
[0.402s] DEBUG:colcon.colcon_core.event_handler.log_command:Invoked command in '/home/nadia/ros2_humble/src/scanlite_analysis_ros2/build/scanlite_analysis_ros2' returned '0': CMAKE_PREFIX_PATH=${CMAKE_PREFIX_PATH}:/opt/ros/humble:/home/nadia/ros2_humble/install/rqt_topic:/home/nadia/ros2_humble/install/rqt_srv:/home/nadia/ros2_humble/install/rqt_shell:/home/nadia/ros2_humble/install/rqt_service_caller:/home/nadia/ros2_humble/install/rqt_reconfigure:/home/nadia/ros2_humble/install/rqt_py_console:/home/nadia/ros2_humble/install/rqt_publisher:/home/nadia/ros2_humble/install/rqt_bag_plugins:/home/nadia/ros2_humble/install/rqt_plot:/home/nadia/ros2_humble/install/rqt_action:/home/nadia/ros2_humble/install/rqt_msg:/home/nadia/ros2_humble/install/rqt_console:/home/nadia/ros2_humble/install/rqt:/home/nadia/ros2_humble/install/rqt_graph:/home/nadia/ros2_humble/install/rqt_bag:/home/nadia/ros2_humble/install/rqt_gui_py:/home/nadia/ros2_humble/install/rqt_gui:/home/nadia/ros2_humble/install/stretch_funmap:/home/nadia/ros2_humble/install/stretch_calibration:/home/nadia/ros2_humble/install/stretch_demos:/home/nadia/ros2_humble/install/stretch_deep_perception:/home/nadia/ros2_humble/install/stretch_core:/home/nadia/ros2_humble/install/ros2_segmentation_viewer:/home/nadia/ros2_humble/install/hello_helpers:/home/nadia/ros2_humble/install/camera_info_manager_py /usr/bin/cmake --build /home/nadia/ros2_humble/src/scanlite_analysis_ros2/build/scanlite_analysis_ros2 -- -j16 -l16
[0.412s] DEBUG:colcon.colcon_core.event_handler.log_command:Invoking command in '/home/nadia/ros2_humble/src/scanlite_analysis_ros2/build/scanlite_analysis_ros2': CMAKE_PREFIX_PATH=${CMAKE_PREFIX_PATH}:/opt/ros/humble:/home/nadia/ros2_humble/install/rqt_topic:/home/nadia/ros2_humble/install/rqt_srv:/home/nadia/ros2_humble/install/rqt_shell:/home/nadia/ros2_humble/install/rqt_service_caller:/home/nadia/ros2_humble/install/rqt_reconfigure:/home/nadia/ros2_humble/install/rqt_py_console:/home/nadia/ros2_humble/install/rqt_publisher:/home/nadia/ros2_humble/install/rqt_bag_plugins:/home/nadia/ros2_humble/install/rqt_plot:/home/nadia/ros2_humble/install/rqt_action:/home/nadia/ros2_humble/install/rqt_msg:/home/nadia/ros2_humble/install/rqt_console:/home/nadia/ros2_humble/install/rqt:/home/nadia/ros2_humble/install/rqt_graph:/home/nadia/ros2_humble/install/rqt_bag:/home/nadia/ros2_humble/install/rqt_gui_py:/home/nadia/ros2_humble/install/rqt_gui:/home/nadia/ros2_humble/install/stretch_funmap:/home/nadia/ros2_humble/install/stretch_calibration:/home/nadia/ros2_humble/install/stretch_demos:/home/nadia/ros2_humble/install/stretch_deep_perception:/home/nadia/ros2_humble/install/stretch_core:/home/nadia/ros2_humble/install/ros2_segmentation_viewer:/home/nadia/ros2_humble/install/hello_helpers:/home/nadia/ros2_humble/install/camera_info_manager_py /usr/bin/cmake --install /home/nadia/ros2_humble/src/scanlite_analysis_ros2/build/scanlite_analysis_ros2
[0.421s] Level 1:colcon.colcon_core.environment:create_environment_scripts_only(scanlite_analysis_ros2)
[0.424s] DEBUG:colcon.colcon_core.event_handler.log_command:Invoked command in '/home/nadia/ros2_humble/src/scanlite_analysis_ros2/build/scanlite_analysis_ros2' returned '0': CMAKE_PREFIX_PATH=${CMAKE_PREFIX_PATH}:/opt/ros/humble:/home/nadia/ros2_humble/install/rqt_topic:/home/nadia/ros2_humble/install/rqt_srv:/home/nadia/ros2_humble/install/rqt_shell:/home/nadia/ros2_humble/install/rqt_service_caller:/home/nadia/ros2_humble/install/rqt_reconfigure:/home/nadia/ros2_humble/install/rqt_py_console:/home/nadia/ros2_humble/install/rqt_publisher:/home/nadia/ros2_humble/install/rqt_bag_plugins:/home/nadia/ros2_humble/install/rqt_plot:/home/nadia/ros2_humble/install/rqt_action:/home/nadia/ros2_humble/install/rqt_msg:/home/nadia/ros2_humble/install/rqt_console:/home/nadia/ros2_humble/install/rqt:/home/nadia/ros2_humble/install/rqt_graph:/home/nadia/ros2_humble/install/rqt_bag:/home/nadia/ros2_humble/install/rqt_gui_py:/home/nadia/ros2_humble/install/rqt_gui:/home/nadia/ros2_humble/install/stretch_funmap:/home/nadia/ros2_humble/install/stretch_calibration:/home/nadia/ros2_humble/install/stretch_demos:/home/nadia/ros2_humble/install/stretch_deep_perception:/home/nadia/ros2_humble/install/stretch_core:/home/nadia/ros2_humble/install/ros2_segmentation_viewer:/home/nadia/ros2_humble/install/hello_helpers:/home/nadia/ros2_humble/install/camera_info_manager_py /usr/bin/cmake --install /home/nadia/ros2_humble/src/scanlite_analysis_ros2/build/scanlite_analysis_ros2
[0.425s] Level 1:colcon.colcon_core.environment:checking '/home/nadia/ros2_humble/src/scanlite_analysis_ros2/install/scanlite_analysis_ros2' for CMake module files
[0.426s] Level 1:colcon.colcon_core.environment:checking '/home/nadia/ros2_humble/src/scanlite_analysis_ros2/install/scanlite_analysis_ros2' for CMake config files
[0.426s] Level 1:colcon.colcon_core.shell:create_environment_hook('scanlite_analysis_ros2', 'cmake_prefix_path')
[0.426s] INFO:colcon.colcon_core.shell:Creating environment hook '/home/nadia/ros2_humble/src/scanlite_analysis_ros2/install/scanlite_analysis_ros2/share/scanlite_analysis_ros2/hook/cmake_prefix_path.ps1'
[0.426s] INFO:colcon.colcon_core.shell:Creating environment descriptor '/home/nadia/ros2_humble/src/scanlite_analysis_ros2/install/scanlite_analysis_ros2/share/scanlite_analysis_ros2/hook/cmake_prefix_path.dsv'
[0.427s] INFO:colcon.colcon_core.shell:Creating environment hook '/home/nadia/ros2_humble/src/scanlite_analysis_ros2/install/scanlite_analysis_ros2/share/scanlite_analysis_ros2/hook/cmake_prefix_path.sh'
[0.427s] Level 1:colcon.colcon_core.environment:checking '/home/nadia/ros2_humble/src/scanlite_analysis_ros2/install/scanlite_analysis_ros2/lib'
[0.428s] Level 1:colcon.colcon_core.environment:checking '/home/nadia/ros2_humble/src/scanlite_analysis_ros2/install/scanlite_analysis_ros2/bin'
[0.428s] Level 1:colcon.colcon_core.environment:checking '/home/nadia/ros2_humble/src/scanlite_analysis_ros2/install/scanlite_analysis_ros2/lib/pkgconfig/scanlite_analysis_ros2.pc'
[0.428s] Level 1:colcon.colcon_core.environment:checking '/home/nadia/ros2_humble/src/scanlite_analysis_ros2/install/scanlite_analysis_ros2/lib/python3.10/site-packages'
[0.428s] Level 1:colcon.colcon_core.environment:checking '/home/nadia/ros2_humble/src/scanlite_analysis_ros2/install/scanlite_analysis_ros2/bin'
[0.428s] INFO:colcon.colcon_core.shell:Creating package script '/home/nadia/ros2_humble/src/scanlite_analysis_ros2/install/scanlite_analysis_ros2/share/scanlite_analysis_ros2/package.ps1'
[0.429s] INFO:colcon.colcon_core.shell:Creating package descriptor '/home/nadia/ros2_humble/src/scanlite_analysis_ros2/install/scanlite_analysis_ros2/share/scanlite_analysis_ros2/package.dsv'
[0.429s] INFO:colcon.colcon_core.shell:Creating package script '/home/nadia/ros2_humble/src/scanlite_analysis_ros2/install/scanlite_analysis_ros2/share/scanlite_analysis_ros2/package.sh'
[0.430s] INFO:colcon.colcon_core.shell:Creating package script '/home/nadia/ros2_humble/src/scanlite_analysis_ros2/install/scanlite_analysis_ros2/share/scanlite_analysis_ros2/package.bash'
[0.430s] INFO:colcon.colcon_core.shell:Creating package script '/home/nadia/ros2_humble/src/scanlite_analysis_ros2/install/scanlite_analysis_ros2/share/scanlite_analysis_ros2/package.zsh'
[0.431s] Level 1:colcon.colcon_core.environment:create_file_with_runtime_dependencies(/home/nadia/ros2_humble/src/scanlite_analysis_ros2/install/scanlite_analysis_ros2/share/colcon-core/packages/scanlite_analysis_ros2)
[0.431s] Level 1:colcon.colcon_core.environment:create_environment_scripts_only(scanlite_analysis_ros2)
[0.432s] Level 1:colcon.colcon_core.environment:checking '/home/nadia/ros2_humble/src/scanlite_analysis_ros2/install/scanlite_analysis_ros2' for CMake module files
[0.432s] Level 1:colcon.colcon_core.environment:checking '/home/nadia/ros2_humble/src/scanlite_analysis_ros2/install/scanlite_analysis_ros2' for CMake config files
[0.432s] Level 1:colcon.colcon_core.shell:create_environment_hook('scanlite_analysis_ros2', 'cmake_prefix_path')
[0.432s] INFO:colcon.colcon_core.shell:Creating environment hook '/home/nadia/ros2_humble/src/scanlite_analysis_ros2/install/scanlite_analysis_ros2/share/scanlite_analysis_ros2/hook/cmake_prefix_path.ps1'
[0.433s] INFO:colcon.colcon_core.shell:Creating environment descriptor '/home/nadia/ros2_humble/src/scanlite_analysis_ros2/install/scanlite_analysis_ros2/share/scanlite_analysis_ros2/hook/cmake_prefix_path.dsv'
[0.433s] INFO:colcon.colcon_core.shell:Creating environment hook '/home/nadia/ros2_humble/src/scanlite_analysis_ros2/install/scanlite_analysis_ros2/share/scanlite_analysis_ros2/hook/cmake_prefix_path.sh'
[0.433s] Level 1:colcon.colcon_core.environment:checking '/home/nadia/ros2_humble/src/scanlite_analysis_ros2/install/scanlite_analysis_ros2/lib'
[0.433s] Level 1:colcon.colcon_core.environment:checking '/home/nadia/ros2_humble/src/scanlite_analysis_ros2/install/scanlite_analysis_ros2/bin'
[0.433s] Level 1:colcon.colcon_core.environment:checking '/home/nadia/ros2_humble/src/scanlite_analysis_ros2/install/scanlite_analysis_ros2/lib/pkgconfig/scanlite_analysis_ros2.pc'
[0.434s] Level 1:colcon.colcon_core.environment:checking '/home/nadia/ros2_humble/src/scanlite_analysis_ros2/install/scanlite_analysis_ros2/lib/python3.10/site-packages'
[0.434s] Level 1:colcon.colcon_core.environment:checking '/home/nadia/ros2_humble/src/scanlite_analysis_ros2/install/scanlite_analysis_ros2/bin'
[0.434s] INFO:colcon.colcon_core.shell:Creating package script '/home/nadia/ros2_humble/src/scanlite_analysis_ros2/install/scanlite_analysis_ros2/share/scanlite_analysis_ros2/package.ps1'
[0.434s] INFO:colcon.colcon_core.shell:Creating package descriptor '/home/nadia/ros2_humble/src/scanlite_analysis_ros2/install/scanlite_analysis_ros2/share/scanlite_analysis_ros2/package.dsv'
[0.435s] INFO:colcon.colcon_core.shell:Creating package script '/home/nadia/ros2_humble/src/scanlite_analysis_ros2/install/scanlite_analysis_ros2/share/scanlite_analysis_ros2/package.sh'
[0.435s] INFO:colcon.colcon_core.shell:Creating package script '/home/nadia/ros2_humble/src/scanlite_analysis_ros2/install/scanlite_analysis_ros2/share/scanlite_analysis_ros2/package.bash'
[0.435s] INFO:colcon.colcon_core.shell:Creating package script '/home/nadia/ros2_humble/src/scanlite_analysis_ros2/install/scanlite_analysis_ros2/share/scanlite_analysis_ros2/package.zsh'
[0.436s] Level 1:colcon.colcon_core.environment:create_file_with_runtime_dependencies(/home/nadia/ros2_humble/src/scanlite_analysis_ros2/install/scanlite_analysis_ros2/share/colcon-core/packages/scanlite_analysis_ros2)
[0.436s] DEBUG:colcon.colcon_parallel_executor.executor.parallel:closing loop
[0.436s] DEBUG:colcon.colcon_parallel_executor.executor.parallel:loop closed
[0.436s] DEBUG:colcon.colcon_parallel_executor.executor.parallel:run_until_complete finished with '0'
[0.436s] DEBUG:colcon.colcon_core.event_reactor:joining thread
[0.441s] INFO:colcon.colcon_core.plugin_system:Skipping extension 'colcon_notification.desktop_notification.terminal_notifier': Not used on non-Darwin systems
[0.441s] INFO:colcon.colcon_core.plugin_system:Skipping extension 'colcon_notification.desktop_notification.win32': Not used on non-Windows systems
[0.441s] INFO:colcon.colcon_notification.desktop_notification:Sending desktop notification using 'notify2'
[0.449s] DEBUG:colcon.colcon_core.event_reactor:joined thread
[0.449s] INFO:colcon.colcon_core.shell:Creating prefix script '/home/nadia/ros2_humble/src/scanlite_analysis_ros2/install/local_setup.ps1'
[0.450s] INFO:colcon.colcon_core.shell:Creating prefix util module '/home/nadia/ros2_humble/src/scanlite_analysis_ros2/install/_local_setup_util_ps1.py'
[0.451s] INFO:colcon.colcon_core.shell:Creating prefix chain script '/home/nadia/ros2_humble/src/scanlite_analysis_ros2/install/setup.ps1'
[0.454s] INFO:colcon.colcon_core.shell:Creating prefix script '/home/nadia/ros2_humble/src/scanlite_analysis_ros2/install/local_setup.sh'
[0.454s] INFO:colcon.colcon_core.shell:Creating prefix util module '/home/nadia/ros2_humble/src/scanlite_analysis_ros2/install/_local_setup_util_sh.py'
[0.455s] INFO:colcon.colcon_core.shell:Creating prefix chain script '/home/nadia/ros2_humble/src/scanlite_analysis_ros2/install/setup.sh'
[0.457s] INFO:colcon.colcon_core.shell:Creating prefix script '/home/nadia/ros2_humble/src/scanlite_analysis_ros2/install/local_setup.bash'
[0.457s] INFO:colcon.colcon_core.shell:Creating prefix chain script '/home/nadia/ros2_humble/src/scanlite_analysis_ros2/install/setup.bash'
[0.460s] INFO:colcon.colcon_core.shell:Creating prefix script '/home/nadia/ros2_humble/src/scanlite_analysis_ros2/install/local_setup.zsh'
[0.460s] INFO:colcon.colcon_core.shell:Creating prefix chain script '/home/nadia/ros2_humble/src/scanlite_analysis_ros2/install/setup.zsh'
