[0.016s] Invoking command in '/home/nadia/ros2_humble/src/scanlite_analysis_ros2/build/scanlite_analysis_ros2': CMAKE_PREFIX_PATH=${CMAKE_PREFIX_PATH}:/opt/ros/humble:/home/nadia/ros2_humble/install/rqt_topic:/home/nadia/ros2_humble/install/rqt_srv:/home/nadia/ros2_humble/install/rqt_shell:/home/nadia/ros2_humble/install/rqt_service_caller:/home/nadia/ros2_humble/install/rqt_reconfigure:/home/nadia/ros2_humble/install/rqt_py_console:/home/nadia/ros2_humble/install/rqt_publisher:/home/nadia/ros2_humble/install/rqt_bag_plugins:/home/nadia/ros2_humble/install/rqt_plot:/home/nadia/ros2_humble/install/rqt_action:/home/nadia/ros2_humble/install/rqt_msg:/home/nadia/ros2_humble/install/rqt_console:/home/nadia/ros2_humble/install/rqt:/home/nadia/ros2_humble/install/rqt_graph:/home/nadia/ros2_humble/install/rqt_bag:/home/nadia/ros2_humble/install/rqt_gui_py:/home/nadia/ros2_humble/install/rqt_gui:/home/nadia/ros2_humble/install/stretch_funmap:/home/nadia/ros2_humble/install/stretch_calibration:/home/nadia/ros2_humble/install/stretch_demos:/home/nadia/ros2_humble/install/stretch_deep_perception:/home/nadia/ros2_humble/install/stretch_core:/home/nadia/ros2_humble/install/ros2_segmentation_viewer:/home/nadia/ros2_humble/install/hello_helpers:/home/nadia/ros2_humble/install/camera_info_manager_py /usr/bin/cmake --build /home/nadia/ros2_humble/src/scanlite_analysis_ros2/build/scanlite_analysis_ros2 -- -j16 -l16
[0.055s] Invoked command in '/home/nadia/ros2_humble/src/scanlite_analysis_ros2/build/scanlite_analysis_ros2' returned '0': CMAKE_PREFIX_PATH=${CMAKE_PREFIX_PATH}:/opt/ros/humble:/home/nadia/ros2_humble/install/rqt_topic:/home/nadia/ros2_humble/install/rqt_srv:/home/nadia/ros2_humble/install/rqt_shell:/home/nadia/ros2_humble/install/rqt_service_caller:/home/nadia/ros2_humble/install/rqt_reconfigure:/home/nadia/ros2_humble/install/rqt_py_console:/home/nadia/ros2_humble/install/rqt_publisher:/home/nadia/ros2_humble/install/rqt_bag_plugins:/home/nadia/ros2_humble/install/rqt_plot:/home/nadia/ros2_humble/install/rqt_action:/home/nadia/ros2_humble/install/rqt_msg:/home/nadia/ros2_humble/install/rqt_console:/home/nadia/ros2_humble/install/rqt:/home/nadia/ros2_humble/install/rqt_graph:/home/nadia/ros2_humble/install/rqt_bag:/home/nadia/ros2_humble/install/rqt_gui_py:/home/nadia/ros2_humble/install/rqt_gui:/home/nadia/ros2_humble/install/stretch_funmap:/home/nadia/ros2_humble/install/stretch_calibration:/home/nadia/ros2_humble/install/stretch_demos:/home/nadia/ros2_humble/install/stretch_deep_perception:/home/nadia/ros2_humble/install/stretch_core:/home/nadia/ros2_humble/install/ros2_segmentation_viewer:/home/nadia/ros2_humble/install/hello_helpers:/home/nadia/ros2_humble/install/camera_info_manager_py /usr/bin/cmake --build /home/nadia/ros2_humble/src/scanlite_analysis_ros2/build/scanlite_analysis_ros2 -- -j16 -l16
[0.064s] Invoking command in '/home/nadia/ros2_humble/src/scanlite_analysis_ros2/build/scanlite_analysis_ros2': CMAKE_PREFIX_PATH=${CMAKE_PREFIX_PATH}:/opt/ros/humble:/home/nadia/ros2_humble/install/rqt_topic:/home/nadia/ros2_humble/install/rqt_srv:/home/nadia/ros2_humble/install/rqt_shell:/home/nadia/ros2_humble/install/rqt_service_caller:/home/nadia/ros2_humble/install/rqt_reconfigure:/home/nadia/ros2_humble/install/rqt_py_console:/home/nadia/ros2_humble/install/rqt_publisher:/home/nadia/ros2_humble/install/rqt_bag_plugins:/home/nadia/ros2_humble/install/rqt_plot:/home/nadia/ros2_humble/install/rqt_action:/home/nadia/ros2_humble/install/rqt_msg:/home/nadia/ros2_humble/install/rqt_console:/home/nadia/ros2_humble/install/rqt:/home/nadia/ros2_humble/install/rqt_graph:/home/nadia/ros2_humble/install/rqt_bag:/home/nadia/ros2_humble/install/rqt_gui_py:/home/nadia/ros2_humble/install/rqt_gui:/home/nadia/ros2_humble/install/stretch_funmap:/home/nadia/ros2_humble/install/stretch_calibration:/home/nadia/ros2_humble/install/stretch_demos:/home/nadia/ros2_humble/install/stretch_deep_perception:/home/nadia/ros2_humble/install/stretch_core:/home/nadia/ros2_humble/install/ros2_segmentation_viewer:/home/nadia/ros2_humble/install/hello_helpers:/home/nadia/ros2_humble/install/camera_info_manager_py /usr/bin/cmake --install /home/nadia/ros2_humble/src/scanlite_analysis_ros2/build/scanlite_analysis_ros2
[0.071s] -- Install configuration: ""
[0.071s] -- Up-to-date: /home/nadia/ros2_humble/src/scanlite_analysis_ros2/install/scanlite_analysis_ros2/lib/scanlite_analysis_ros2/PyCATMAUS
[0.071s] -- Up-to-date: /home/nadia/ros2_humble/src/scanlite_analysis_ros2/install/scanlite_analysis_ros2/lib/scanlite_analysis_ros2/PyCATMAUS/__init__.py
[0.071s] -- Up-to-date: /home/nadia/ros2_humble/src/scanlite_analysis_ros2/install/scanlite_analysis_ros2/lib/scanlite_analysis_ros2/PyCATMAUS/test.py
[0.071s] -- Up-to-date: /home/nadia/ros2_humble/src/scanlite_analysis_ros2/install/scanlite_analysis_ros2/lib/scanlite_analysis_ros2/PyCATMAUS/solver_test.py
[0.072s] -- Up-to-date: /home/nadia/ros2_humble/src/scanlite_analysis_ros2/install/scanlite_analysis_ros2/lib/scanlite_analysis_ros2/PyCATMAUS/__pycache__
[0.072s] -- Up-to-date: /home/nadia/ros2_humble/src/scanlite_analysis_ros2/install/scanlite_analysis_ros2/lib/scanlite_analysis_ros2/PyCATMAUS/__pycache__/__init__.cpython-38.pyc
[0.072s] -- Up-to-date: /home/nadia/ros2_humble/src/scanlite_analysis_ros2/install/scanlite_analysis_ros2/lib/scanlite_analysis_ros2/PyCATMAUS/__pycache__/SegBone.cpython-38.pyc
[0.072s] -- Up-to-date: /home/nadia/ros2_humble/src/scanlite_analysis_ros2/install/scanlite_analysis_ros2/lib/scanlite_analysis_ros2/PyCATMAUS/__pycache__/TransFunction.cpython-38.pyc
[0.072s] -- Up-to-date: /home/nadia/ros2_humble/src/scanlite_analysis_ros2/install/scanlite_analysis_ros2/lib/scanlite_analysis_ros2/PyCATMAUS/SegBone.py
[0.072s] -- Up-to-date: /home/nadia/ros2_humble/src/scanlite_analysis_ros2/install/scanlite_analysis_ros2/lib/scanlite_analysis_ros2/PyCATMAUS/TransFunction.py
[0.072s] -- Up-to-date: /home/nadia/ros2_humble/src/scanlite_analysis_ros2/install/scanlite_analysis_ros2/share/scanlite_analysis_ros2/launch
[0.072s] -- Up-to-date: /home/nadia/ros2_humble/src/scanlite_analysis_ros2/install/scanlite_analysis_ros2/share/scanlite_analysis_ros2/launch/segmentation_launch.py
[0.072s] -- Up-to-date: /home/nadia/ros2_humble/src/scanlite_analysis_ros2/install/scanlite_analysis_ros2/share/scanlite_analysis_ros2/launch/segmentation.launch.xml
[0.072s] -- Up-to-date: /home/nadia/ros2_humble/src/scanlite_analysis_ros2/install/scanlite_analysis_ros2/share/scanlite_analysis_ros2/scanlite_analysis_ros2
[0.072s] -- Up-to-date: /home/nadia/ros2_humble/src/scanlite_analysis_ros2/install/scanlite_analysis_ros2/share/scanlite_analysis_ros2/scanlite_analysis_ros2/__init__.py
[0.072s] -- Up-to-date: /home/nadia/ros2_humble/src/scanlite_analysis_ros2/install/scanlite_analysis_ros2/share/scanlite_analysis_ros2/scanlite_analysis_ros2/PyCATMAUS
[0.072s] -- Up-to-date: /home/nadia/ros2_humble/src/scanlite_analysis_ros2/install/scanlite_analysis_ros2/share/scanlite_analysis_ros2/scanlite_analysis_ros2/PyCATMAUS/__init__.py
[0.073s] -- Up-to-date: /home/nadia/ros2_humble/src/scanlite_analysis_ros2/install/scanlite_analysis_ros2/share/scanlite_analysis_ros2/scanlite_analysis_ros2/PyCATMAUS/test.py
[0.073s] -- Up-to-date: /home/nadia/ros2_humble/src/scanlite_analysis_ros2/install/scanlite_analysis_ros2/share/scanlite_analysis_ros2/scanlite_analysis_ros2/PyCATMAUS/solver_test.py
[0.073s] -- Up-to-date: /home/nadia/ros2_humble/src/scanlite_analysis_ros2/install/scanlite_analysis_ros2/share/scanlite_analysis_ros2/scanlite_analysis_ros2/PyCATMAUS/__pycache__
[0.073s] -- Up-to-date: /home/nadia/ros2_humble/src/scanlite_analysis_ros2/install/scanlite_analysis_ros2/share/scanlite_analysis_ros2/scanlite_analysis_ros2/PyCATMAUS/__pycache__/__init__.cpython-38.pyc
[0.073s] -- Up-to-date: /home/nadia/ros2_humble/src/scanlite_analysis_ros2/install/scanlite_analysis_ros2/share/scanlite_analysis_ros2/scanlite_analysis_ros2/PyCATMAUS/__pycache__/SegBone.cpython-38.pyc
[0.073s] -- Up-to-date: /home/nadia/ros2_humble/src/scanlite_analysis_ros2/install/scanlite_analysis_ros2/share/scanlite_analysis_ros2/scanlite_analysis_ros2/PyCATMAUS/__pycache__/TransFunction.cpython-38.pyc
[0.073s] -- Up-to-date: /home/nadia/ros2_humble/src/scanlite_analysis_ros2/install/scanlite_analysis_ros2/share/scanlite_analysis_ros2/scanlite_analysis_ros2/PyCATMAUS/SegBone.py
[0.073s] -- Up-to-date: /home/nadia/ros2_humble/src/scanlite_analysis_ros2/install/scanlite_analysis_ros2/share/scanlite_analysis_ros2/scanlite_analysis_ros2/PyCATMAUS/TransFunction.py
[0.073s] -- Installing: /home/nadia/ros2_humble/src/scanlite_analysis_ros2/install/scanlite_analysis_ros2/share/scanlite_analysis_ros2/scanlite_analysis_ros2/reconstruction_node.py
[0.073s] -- Up-to-date: /home/nadia/ros2_humble/src/scanlite_analysis_ros2/install/scanlite_analysis_ros2/share/scanlite_analysis_ros2/scanlite_analysis_ros2/DataAcqTool.py
[0.074s] -- Up-to-date: /home/nadia/ros2_humble/src/scanlite_analysis_ros2/install/scanlite_analysis_ros2/share/scanlite_analysis_ros2/scanlite_analysis_ros2/rosbagtest.py
[0.074s] -- Up-to-date: /home/nadia/ros2_humble/src/scanlite_analysis_ros2/install/scanlite_analysis_ros2/share/scanlite_analysis_ros2/scanlite_analysis_ros2/LiveDemoTool.py
[0.074s] -- Up-to-date: /home/nadia/ros2_humble/src/scanlite_analysis_ros2/install/scanlite_analysis_ros2/share/scanlite_analysis_ros2/scanlite_analysis_ros2/segmentation_node.py
[0.074s] -- Up-to-date: /home/nadia/ros2_humble/src/scanlite_analysis_ros2/install/scanlite_analysis_ros2/lib/scanlite_analysis_ros2/segmentation_node.py
[0.074s] -- Up-to-date: /home/nadia/ros2_humble/src/scanlite_analysis_ros2/install/scanlite_analysis_ros2/lib/scanlite_analysis_ros2/LiveDemoTool.py
[0.074s] -- Up-to-date: /home/nadia/ros2_humble/src/scanlite_analysis_ros2/install/scanlite_analysis_ros2/lib/scanlite_analysis_ros2/DataAcqTool.py
[0.074s] -- Up-to-date: /home/nadia/ros2_humble/src/scanlite_analysis_ros2/install/scanlite_analysis_ros2/lib/scanlite_analysis_ros2/rosbagtest.py
[0.074s] -- Installing: /home/nadia/ros2_humble/src/scanlite_analysis_ros2/install/scanlite_analysis_ros2/lib/scanlite_analysis_ros2/reconstruction_node.py
[0.075s] -- Up-to-date: /home/nadia/ros2_humble/src/scanlite_analysis_ros2/install/scanlite_analysis_ros2/share/ament_index/resource_index/package_run_dependencies/scanlite_analysis_ros2
[0.075s] -- Up-to-date: /home/nadia/ros2_humble/src/scanlite_analysis_ros2/install/scanlite_analysis_ros2/share/ament_index/resource_index/parent_prefix_path/scanlite_analysis_ros2
[0.075s] -- Up-to-date: /home/nadia/ros2_humble/src/scanlite_analysis_ros2/install/scanlite_analysis_ros2/share/scanlite_analysis_ros2/environment/ament_prefix_path.sh
[0.075s] -- Up-to-date: /home/nadia/ros2_humble/src/scanlite_analysis_ros2/install/scanlite_analysis_ros2/share/scanlite_analysis_ros2/environment/ament_prefix_path.dsv
[0.075s] -- Up-to-date: /home/nadia/ros2_humble/src/scanlite_analysis_ros2/install/scanlite_analysis_ros2/share/scanlite_analysis_ros2/environment/path.sh
[0.075s] -- Up-to-date: /home/nadia/ros2_humble/src/scanlite_analysis_ros2/install/scanlite_analysis_ros2/share/scanlite_analysis_ros2/environment/path.dsv
[0.076s] -- Up-to-date: /home/nadia/ros2_humble/src/scanlite_analysis_ros2/install/scanlite_analysis_ros2/share/scanlite_analysis_ros2/local_setup.bash
[0.076s] -- Up-to-date: /home/nadia/ros2_humble/src/scanlite_analysis_ros2/install/scanlite_analysis_ros2/share/scanlite_analysis_ros2/local_setup.sh
[0.076s] -- Up-to-date: /home/nadia/ros2_humble/src/scanlite_analysis_ros2/install/scanlite_analysis_ros2/share/scanlite_analysis_ros2/local_setup.zsh
[0.076s] -- Up-to-date: /home/nadia/ros2_humble/src/scanlite_analysis_ros2/install/scanlite_analysis_ros2/share/scanlite_analysis_ros2/local_setup.dsv
[0.076s] -- Installing: /home/nadia/ros2_humble/src/scanlite_analysis_ros2/install/scanlite_analysis_ros2/share/scanlite_analysis_ros2/package.dsv
[0.076s] -- Up-to-date: /home/nadia/ros2_humble/src/scanlite_analysis_ros2/install/scanlite_analysis_ros2/share/ament_index/resource_index/packages/scanlite_analysis_ros2
[0.076s] -- Up-to-date: /home/nadia/ros2_humble/src/scanlite_analysis_ros2/install/scanlite_analysis_ros2/share/scanlite_analysis_ros2/cmake/scanlite_analysis_ros2Config.cmake
[0.076s] -- Up-to-date: /home/nadia/ros2_humble/src/scanlite_analysis_ros2/install/scanlite_analysis_ros2/share/scanlite_analysis_ros2/cmake/scanlite_analysis_ros2Config-version.cmake
[0.077s] -- Up-to-date: /home/nadia/ros2_humble/src/scanlite_analysis_ros2/install/scanlite_analysis_ros2/share/scanlite_analysis_ros2/package.xml
[0.077s] Invoked command in '/home/nadia/ros2_humble/src/scanlite_analysis_ros2/build/scanlite_analysis_ros2' returned '0': CMAKE_PREFIX_PATH=${CMAKE_PREFIX_PATH}:/opt/ros/humble:/home/nadia/ros2_humble/install/rqt_topic:/home/nadia/ros2_humble/install/rqt_srv:/home/nadia/ros2_humble/install/rqt_shell:/home/nadia/ros2_humble/install/rqt_service_caller:/home/nadia/ros2_humble/install/rqt_reconfigure:/home/nadia/ros2_humble/install/rqt_py_console:/home/nadia/ros2_humble/install/rqt_publisher:/home/nadia/ros2_humble/install/rqt_bag_plugins:/home/nadia/ros2_humble/install/rqt_plot:/home/nadia/ros2_humble/install/rqt_action:/home/nadia/ros2_humble/install/rqt_msg:/home/nadia/ros2_humble/install/rqt_console:/home/nadia/ros2_humble/install/rqt:/home/nadia/ros2_humble/install/rqt_graph:/home/nadia/ros2_humble/install/rqt_bag:/home/nadia/ros2_humble/install/rqt_gui_py:/home/nadia/ros2_humble/install/rqt_gui:/home/nadia/ros2_humble/install/stretch_funmap:/home/nadia/ros2_humble/install/stretch_calibration:/home/nadia/ros2_humble/install/stretch_demos:/home/nadia/ros2_humble/install/stretch_deep_perception:/home/nadia/ros2_humble/install/stretch_core:/home/nadia/ros2_humble/install/ros2_segmentation_viewer:/home/nadia/ros2_humble/install/hello_helpers:/home/nadia/ros2_humble/install/camera_info_manager_py /usr/bin/cmake --install /home/nadia/ros2_humble/src/scanlite_analysis_ros2/build/scanlite_analysis_ros2
