-- Install configuration: ""
-- Up-to-date: /home/nadia/ros2_humble/src/scanlite_analysis_ros2/install/scanlite_analysis_ros2/lib/scanlite_analysis_ros2/PyCATMAUS
-- Up-to-date: /home/nadia/ros2_humble/src/scanlite_analysis_ros2/install/scanlite_analysis_ros2/lib/scanlite_analysis_ros2/PyCATMAUS/__init__.py
-- Up-to-date: /home/nadia/ros2_humble/src/scanlite_analysis_ros2/install/scanlite_analysis_ros2/lib/scanlite_analysis_ros2/PyCATMAUS/test.py
-- Up-to-date: /home/nadia/ros2_humble/src/scanlite_analysis_ros2/install/scanlite_analysis_ros2/lib/scanlite_analysis_ros2/PyCATMAUS/solver_test.py
-- Up-to-date: /home/nadia/ros2_humble/src/scanlite_analysis_ros2/install/scanlite_analysis_ros2/lib/scanlite_analysis_ros2/PyCATMAUS/__pycache__
-- Up-to-date: /home/nadia/ros2_humble/src/scanlite_analysis_ros2/install/scanlite_analysis_ros2/lib/scanlite_analysis_ros2/PyCATMAUS/__pycache__/__init__.cpython-38.pyc
-- Up-to-date: /home/nadia/ros2_humble/src/scanlite_analysis_ros2/install/scanlite_analysis_ros2/lib/scanlite_analysis_ros2/PyCATMAUS/__pycache__/SegBone.cpython-38.pyc
-- Up-to-date: /home/nadia/ros2_humble/src/scanlite_analysis_ros2/install/scanlite_analysis_ros2/lib/scanlite_analysis_ros2/PyCATMAUS/__pycache__/TransFunction.cpython-38.pyc
-- Up-to-date: /home/nadia/ros2_humble/src/scanlite_analysis_ros2/install/scanlite_analysis_ros2/lib/scanlite_analysis_ros2/PyCATMAUS/SegBone.py
-- Up-to-date: /home/nadia/ros2_humble/src/scanlite_analysis_ros2/install/scanlite_analysis_ros2/lib/scanlite_analysis_ros2/PyCATMAUS/TransFunction.py
-- Up-to-date: /home/nadia/ros2_humble/src/scanlite_analysis_ros2/install/scanlite_analysis_ros2/share/scanlite_analysis_ros2/launch
-- Installing: /home/nadia/ros2_humble/src/scanlite_analysis_ros2/install/scanlite_analysis_ros2/share/scanlite_analysis_ros2/launch/segmentation_launch.py
-- Up-to-date: /home/nadia/ros2_humble/src/scanlite_analysis_ros2/install/scanlite_analysis_ros2/share/scanlite_analysis_ros2/launch/segmentation.launch.xml
-- Up-to-date: /home/nadia/ros2_humble/src/scanlite_analysis_ros2/install/scanlite_analysis_ros2/share/scanlite_analysis_ros2/scanlite_analysis_ros2
-- Up-to-date: /home/nadia/ros2_humble/src/scanlite_analysis_ros2/install/scanlite_analysis_ros2/share/scanlite_analysis_ros2/scanlite_analysis_ros2/__init__.py
-- Up-to-date: /home/nadia/ros2_humble/src/scanlite_analysis_ros2/install/scanlite_analysis_ros2/share/scanlite_analysis_ros2/scanlite_analysis_ros2/PyCATMAUS
-- Up-to-date: /home/nadia/ros2_humble/src/scanlite_analysis_ros2/install/scanlite_analysis_ros2/share/scanlite_analysis_ros2/scanlite_analysis_ros2/PyCATMAUS/__init__.py
-- Up-to-date: /home/nadia/ros2_humble/src/scanlite_analysis_ros2/install/scanlite_analysis_ros2/share/scanlite_analysis_ros2/scanlite_analysis_ros2/PyCATMAUS/test.py
-- Up-to-date: /home/nadia/ros2_humble/src/scanlite_analysis_ros2/install/scanlite_analysis_ros2/share/scanlite_analysis_ros2/scanlite_analysis_ros2/PyCATMAUS/solver_test.py
-- Up-to-date: /home/nadia/ros2_humble/src/scanlite_analysis_ros2/install/scanlite_analysis_ros2/share/scanlite_analysis_ros2/scanlite_analysis_ros2/PyCATMAUS/__pycache__
-- Up-to-date: /home/nadia/ros2_humble/src/scanlite_analysis_ros2/install/scanlite_analysis_ros2/share/scanlite_analysis_ros2/scanlite_analysis_ros2/PyCATMAUS/__pycache__/__init__.cpython-38.pyc
-- Up-to-date: /home/nadia/ros2_humble/src/scanlite_analysis_ros2/install/scanlite_analysis_ros2/share/scanlite_analysis_ros2/scanlite_analysis_ros2/PyCATMAUS/__pycache__/SegBone.cpython-38.pyc
-- Up-to-date: /home/nadia/ros2_humble/src/scanlite_analysis_ros2/install/scanlite_analysis_ros2/share/scanlite_analysis_ros2/scanlite_analysis_ros2/PyCATMAUS/__pycache__/TransFunction.cpython-38.pyc
-- Up-to-date: /home/nadia/ros2_humble/src/scanlite_analysis_ros2/install/scanlite_analysis_ros2/share/scanlite_analysis_ros2/scanlite_analysis_ros2/PyCATMAUS/SegBone.py
-- Up-to-date: /home/nadia/ros2_humble/src/scanlite_analysis_ros2/install/scanlite_analysis_ros2/share/scanlite_analysis_ros2/scanlite_analysis_ros2/PyCATMAUS/TransFunction.py
-- Installing: /home/nadia/ros2_humble/src/scanlite_analysis_ros2/install/scanlite_analysis_ros2/share/scanlite_analysis_ros2/scanlite_analysis_ros2/reconstruction_node.py
-- Up-to-date: /home/nadia/ros2_humble/src/scanlite_analysis_ros2/install/scanlite_analysis_ros2/share/scanlite_analysis_ros2/scanlite_analysis_ros2/DataAcqTool.py
-- Up-to-date: /home/nadia/ros2_humble/src/scanlite_analysis_ros2/install/scanlite_analysis_ros2/share/scanlite_analysis_ros2/scanlite_analysis_ros2/rosbagtest.py
-- Installing: /home/nadia/ros2_humble/src/scanlite_analysis_ros2/install/scanlite_analysis_ros2/share/scanlite_analysis_ros2/scanlite_analysis_ros2/LiveDemoTool.py
-- Up-to-date: /home/nadia/ros2_humble/src/scanlite_analysis_ros2/install/scanlite_analysis_ros2/share/scanlite_analysis_ros2/scanlite_analysis_ros2/segmentation_node.py
-- Up-to-date: /home/nadia/ros2_humble/src/scanlite_analysis_ros2/install/scanlite_analysis_ros2/lib/scanlite_analysis_ros2/segmentation_node.py
-- Installing: /home/nadia/ros2_humble/src/scanlite_analysis_ros2/install/scanlite_analysis_ros2/lib/scanlite_analysis_ros2/LiveDemoTool.py
-- Up-to-date: /home/nadia/ros2_humble/src/scanlite_analysis_ros2/install/scanlite_analysis_ros2/lib/scanlite_analysis_ros2/DataAcqTool.py
-- Up-to-date: /home/nadia/ros2_humble/src/scanlite_analysis_ros2/install/scanlite_analysis_ros2/lib/scanlite_analysis_ros2/rosbagtest.py
-- Installing: /home/nadia/ros2_humble/src/scanlite_analysis_ros2/install/scanlite_analysis_ros2/lib/scanlite_analysis_ros2/reconstruction_node.py
-- Up-to-date: /home/nadia/ros2_humble/src/scanlite_analysis_ros2/install/scanlite_analysis_ros2/share/ament_index/resource_index/package_run_dependencies/scanlite_analysis_ros2
-- Up-to-date: /home/nadia/ros2_humble/src/scanlite_analysis_ros2/install/scanlite_analysis_ros2/share/ament_index/resource_index/parent_prefix_path/scanlite_analysis_ros2
-- Up-to-date: /home/nadia/ros2_humble/src/scanlite_analysis_ros2/install/scanlite_analysis_ros2/share/scanlite_analysis_ros2/environment/ament_prefix_path.sh
-- Up-to-date: /home/nadia/ros2_humble/src/scanlite_analysis_ros2/install/scanlite_analysis_ros2/share/scanlite_analysis_ros2/environment/ament_prefix_path.dsv
-- Up-to-date: /home/nadia/ros2_humble/src/scanlite_analysis_ros2/install/scanlite_analysis_ros2/share/scanlite_analysis_ros2/environment/path.sh
-- Up-to-date: /home/nadia/ros2_humble/src/scanlite_analysis_ros2/install/scanlite_analysis_ros2/share/scanlite_analysis_ros2/environment/path.dsv
-- Up-to-date: /home/nadia/ros2_humble/src/scanlite_analysis_ros2/install/scanlite_analysis_ros2/share/scanlite_analysis_ros2/local_setup.bash
-- Up-to-date: /home/nadia/ros2_humble/src/scanlite_analysis_ros2/install/scanlite_analysis_ros2/share/scanlite_analysis_ros2/local_setup.sh
-- Up-to-date: /home/nadia/ros2_humble/src/scanlite_analysis_ros2/install/scanlite_analysis_ros2/share/scanlite_analysis_ros2/local_setup.zsh
-- Up-to-date: /home/nadia/ros2_humble/src/scanlite_analysis_ros2/install/scanlite_analysis_ros2/share/scanlite_analysis_ros2/local_setup.dsv
-- Up-to-date: /home/nadia/ros2_humble/src/scanlite_analysis_ros2/install/scanlite_analysis_ros2/share/scanlite_analysis_ros2/package.dsv
-- Up-to-date: /home/nadia/ros2_humble/src/scanlite_analysis_ros2/install/scanlite_analysis_ros2/share/ament_index/resource_index/packages/scanlite_analysis_ros2
-- Up-to-date: /home/nadia/ros2_humble/src/scanlite_analysis_ros2/install/scanlite_analysis_ros2/share/scanlite_analysis_ros2/cmake/scanlite_analysis_ros2Config.cmake
-- Up-to-date: /home/nadia/ros2_humble/src/scanlite_analysis_ros2/install/scanlite_analysis_ros2/share/scanlite_analysis_ros2/cmake/scanlite_analysis_ros2Config-version.cmake
-- Up-to-date: /home/nadia/ros2_humble/src/scanlite_analysis_ros2/install/scanlite_analysis_ros2/share/scanlite_analysis_ros2/package.xml
