[0.020s] Invoking command in '/home/nadia/ros2_humble/src/scanlite_analysis_ros2/build/scanlite_analysis_ros2': CMAKE_PREFIX_PATH=${CMAKE_PREFIX_PATH}:/opt/ros/humble:/home/nadia/ros2_humble/install/rqt_topic:/home/nadia/ros2_humble/install/rqt_srv:/home/nadia/ros2_humble/install/rqt_shell:/home/nadia/ros2_humble/install/rqt_service_caller:/home/nadia/ros2_humble/install/rqt_reconfigure:/home/nadia/ros2_humble/install/rqt_py_console:/home/nadia/ros2_humble/install/rqt_publisher:/home/nadia/ros2_humble/install/rqt_bag_plugins:/home/nadia/ros2_humble/install/rqt_plot:/home/nadia/ros2_humble/install/rqt_action:/home/nadia/ros2_humble/install/rqt_msg:/home/nadia/ros2_humble/install/rqt_console:/home/nadia/ros2_humble/install/rqt:/home/nadia/ros2_humble/install/rqt_graph:/home/nadia/ros2_humble/install/rqt_bag:/home/nadia/ros2_humble/install/rqt_gui_py:/home/nadia/ros2_humble/install/rqt_gui:/home/nadia/ros2_humble/install/stretch_funmap:/home/nadia/ros2_humble/install/stretch_calibration:/home/nadia/ros2_humble/install/stretch_demos:/home/nadia/ros2_humble/install/stretch_deep_perception:/home/nadia/ros2_humble/install/stretch_core:/home/nadia/ros2_humble/install/ros2_segmentation_viewer:/home/nadia/ros2_humble/install/hello_helpers:/home/nadia/ros2_humble/install/camera_info_manager_py /usr/bin/cmake /home/nadia/ros2_humble/src/scanlite_analysis_ros2 -DCMAKE_INSTALL_PREFIX=/home/nadia/ros2_humble/src/scanlite_analysis_ros2/install/scanlite_analysis_ros2
[0.114s] -- The C compiler identification is GNU 11.4.0
[0.193s] -- The CXX compiler identification is GNU 11.4.0
[0.201s] -- Detecting C compiler ABI info
[0.283s] -- Detecting C compiler ABI info - done
[0.289s] -- Check for working C compiler: /usr/bin/cc - skipped
[0.289s] -- Detecting C compile features
[0.290s] -- Detecting C compile features - done
[0.293s] -- Detecting CXX compiler ABI info
[0.379s] -- Detecting CXX compiler ABI info - done
[0.386s] -- Check for working CXX compiler: /usr/bin/c++ - skipped
[0.386s] -- Detecting CXX compile features
[0.386s] -- Detecting CXX compile features - done
[0.395s] -- Found ament_cmake: 1.3.11 (/opt/ros/humble/share/ament_cmake/cmake)
[0.583s] -- Found Python3: /usr/bin/python3 (found version "3.10.12") found components: Interpreter 
[0.705s] -- Found rclpy: 3.3.15 (/opt/ros/humble/share/rclpy/cmake)
[0.770s] -- Configuring done
[0.772s] -- Generating done
[0.774s] -- Build files have been written to: /home/nadia/ros2_humble/src/scanlite_analysis_ros2/build/scanlite_analysis_ros2
[0.779s] Invoked command in '/home/nadia/ros2_humble/src/scanlite_analysis_ros2/build/scanlite_analysis_ros2' returned '0': CMAKE_PREFIX_PATH=${CMAKE_PREFIX_PATH}:/opt/ros/humble:/home/nadia/ros2_humble/install/rqt_topic:/home/nadia/ros2_humble/install/rqt_srv:/home/nadia/ros2_humble/install/rqt_shell:/home/nadia/ros2_humble/install/rqt_service_caller:/home/nadia/ros2_humble/install/rqt_reconfigure:/home/nadia/ros2_humble/install/rqt_py_console:/home/nadia/ros2_humble/install/rqt_publisher:/home/nadia/ros2_humble/install/rqt_bag_plugins:/home/nadia/ros2_humble/install/rqt_plot:/home/nadia/ros2_humble/install/rqt_action:/home/nadia/ros2_humble/install/rqt_msg:/home/nadia/ros2_humble/install/rqt_console:/home/nadia/ros2_humble/install/rqt:/home/nadia/ros2_humble/install/rqt_graph:/home/nadia/ros2_humble/install/rqt_bag:/home/nadia/ros2_humble/install/rqt_gui_py:/home/nadia/ros2_humble/install/rqt_gui:/home/nadia/ros2_humble/install/stretch_funmap:/home/nadia/ros2_humble/install/stretch_calibration:/home/nadia/ros2_humble/install/stretch_demos:/home/nadia/ros2_humble/install/stretch_deep_perception:/home/nadia/ros2_humble/install/stretch_core:/home/nadia/ros2_humble/install/ros2_segmentation_viewer:/home/nadia/ros2_humble/install/hello_helpers:/home/nadia/ros2_humble/install/camera_info_manager_py /usr/bin/cmake /home/nadia/ros2_humble/src/scanlite_analysis_ros2 -DCMAKE_INSTALL_PREFIX=/home/nadia/ros2_humble/src/scanlite_analysis_ros2/install/scanlite_analysis_ros2
[0.780s] Invoking command in '/home/nadia/ros2_humble/src/scanlite_analysis_ros2/build/scanlite_analysis_ros2': CMAKE_PREFIX_PATH=${CMAKE_PREFIX_PATH}:/opt/ros/humble:/home/nadia/ros2_humble/install/rqt_topic:/home/nadia/ros2_humble/install/rqt_srv:/home/nadia/ros2_humble/install/rqt_shell:/home/nadia/ros2_humble/install/rqt_service_caller:/home/nadia/ros2_humble/install/rqt_reconfigure:/home/nadia/ros2_humble/install/rqt_py_console:/home/nadia/ros2_humble/install/rqt_publisher:/home/nadia/ros2_humble/install/rqt_bag_plugins:/home/nadia/ros2_humble/install/rqt_plot:/home/nadia/ros2_humble/install/rqt_action:/home/nadia/ros2_humble/install/rqt_msg:/home/nadia/ros2_humble/install/rqt_console:/home/nadia/ros2_humble/install/rqt:/home/nadia/ros2_humble/install/rqt_graph:/home/nadia/ros2_humble/install/rqt_bag:/home/nadia/ros2_humble/install/rqt_gui_py:/home/nadia/ros2_humble/install/rqt_gui:/home/nadia/ros2_humble/install/stretch_funmap:/home/nadia/ros2_humble/install/stretch_calibration:/home/nadia/ros2_humble/install/stretch_demos:/home/nadia/ros2_humble/install/stretch_deep_perception:/home/nadia/ros2_humble/install/stretch_core:/home/nadia/ros2_humble/install/ros2_segmentation_viewer:/home/nadia/ros2_humble/install/hello_helpers:/home/nadia/ros2_humble/install/camera_info_manager_py /usr/bin/cmake --build /home/nadia/ros2_humble/src/scanlite_analysis_ros2/build/scanlite_analysis_ros2 -- -j16 -l16
[0.820s] Invoked command in '/home/nadia/ros2_humble/src/scanlite_analysis_ros2/build/scanlite_analysis_ros2' returned '0': CMAKE_PREFIX_PATH=${CMAKE_PREFIX_PATH}:/opt/ros/humble:/home/nadia/ros2_humble/install/rqt_topic:/home/nadia/ros2_humble/install/rqt_srv:/home/nadia/ros2_humble/install/rqt_shell:/home/nadia/ros2_humble/install/rqt_service_caller:/home/nadia/ros2_humble/install/rqt_reconfigure:/home/nadia/ros2_humble/install/rqt_py_console:/home/nadia/ros2_humble/install/rqt_publisher:/home/nadia/ros2_humble/install/rqt_bag_plugins:/home/nadia/ros2_humble/install/rqt_plot:/home/nadia/ros2_humble/install/rqt_action:/home/nadia/ros2_humble/install/rqt_msg:/home/nadia/ros2_humble/install/rqt_console:/home/nadia/ros2_humble/install/rqt:/home/nadia/ros2_humble/install/rqt_graph:/home/nadia/ros2_humble/install/rqt_bag:/home/nadia/ros2_humble/install/rqt_gui_py:/home/nadia/ros2_humble/install/rqt_gui:/home/nadia/ros2_humble/install/stretch_funmap:/home/nadia/ros2_humble/install/stretch_calibration:/home/nadia/ros2_humble/install/stretch_demos:/home/nadia/ros2_humble/install/stretch_deep_perception:/home/nadia/ros2_humble/install/stretch_core:/home/nadia/ros2_humble/install/ros2_segmentation_viewer:/home/nadia/ros2_humble/install/hello_helpers:/home/nadia/ros2_humble/install/camera_info_manager_py /usr/bin/cmake --build /home/nadia/ros2_humble/src/scanlite_analysis_ros2/build/scanlite_analysis_ros2 -- -j16 -l16
[0.831s] Invoking command in '/home/nadia/ros2_humble/src/scanlite_analysis_ros2/build/scanlite_analysis_ros2': CMAKE_PREFIX_PATH=${CMAKE_PREFIX_PATH}:/opt/ros/humble:/home/nadia/ros2_humble/install/rqt_topic:/home/nadia/ros2_humble/install/rqt_srv:/home/nadia/ros2_humble/install/rqt_shell:/home/nadia/ros2_humble/install/rqt_service_caller:/home/nadia/ros2_humble/install/rqt_reconfigure:/home/nadia/ros2_humble/install/rqt_py_console:/home/nadia/ros2_humble/install/rqt_publisher:/home/nadia/ros2_humble/install/rqt_bag_plugins:/home/nadia/ros2_humble/install/rqt_plot:/home/nadia/ros2_humble/install/rqt_action:/home/nadia/ros2_humble/install/rqt_msg:/home/nadia/ros2_humble/install/rqt_console:/home/nadia/ros2_humble/install/rqt:/home/nadia/ros2_humble/install/rqt_graph:/home/nadia/ros2_humble/install/rqt_bag:/home/nadia/ros2_humble/install/rqt_gui_py:/home/nadia/ros2_humble/install/rqt_gui:/home/nadia/ros2_humble/install/stretch_funmap:/home/nadia/ros2_humble/install/stretch_calibration:/home/nadia/ros2_humble/install/stretch_demos:/home/nadia/ros2_humble/install/stretch_deep_perception:/home/nadia/ros2_humble/install/stretch_core:/home/nadia/ros2_humble/install/ros2_segmentation_viewer:/home/nadia/ros2_humble/install/hello_helpers:/home/nadia/ros2_humble/install/camera_info_manager_py /usr/bin/cmake --install /home/nadia/ros2_humble/src/scanlite_analysis_ros2/build/scanlite_analysis_ros2
[0.839s] -- Install configuration: ""
[0.840s] -- Installing: /home/nadia/ros2_humble/src/scanlite_analysis_ros2/install/scanlite_analysis_ros2/lib/scanlite_analysis_ros2/PyCATMAUS
[0.840s] -- Installing: /home/nadia/ros2_humble/src/scanlite_analysis_ros2/install/scanlite_analysis_ros2/lib/scanlite_analysis_ros2/PyCATMAUS/__init__.py
[0.840s] -- Installing: /home/nadia/ros2_humble/src/scanlite_analysis_ros2/install/scanlite_analysis_ros2/lib/scanlite_analysis_ros2/PyCATMAUS/test.py
[0.840s] -- Installing: /home/nadia/ros2_humble/src/scanlite_analysis_ros2/install/scanlite_analysis_ros2/lib/scanlite_analysis_ros2/PyCATMAUS/solver_test.py
[0.840s] -- Installing: /home/nadia/ros2_humble/src/scanlite_analysis_ros2/install/scanlite_analysis_ros2/lib/scanlite_analysis_ros2/PyCATMAUS/__pycache__
[0.840s] -- Installing: /home/nadia/ros2_humble/src/scanlite_analysis_ros2/install/scanlite_analysis_ros2/lib/scanlite_analysis_ros2/PyCATMAUS/__pycache__/__init__.cpython-38.pyc
[0.840s] -- Installing: /home/nadia/ros2_humble/src/scanlite_analysis_ros2/install/scanlite_analysis_ros2/lib/scanlite_analysis_ros2/PyCATMAUS/__pycache__/SegBone.cpython-38.pyc
[0.840s] -- Installing: /home/nadia/ros2_humble/src/scanlite_analysis_ros2/install/scanlite_analysis_ros2/lib/scanlite_analysis_ros2/PyCATMAUS/__pycache__/TransFunction.cpython-38.pyc
[0.841s] -- Installing: /home/nadia/ros2_humble/src/scanlite_analysis_ros2/install/scanlite_analysis_ros2/lib/scanlite_analysis_ros2/PyCATMAUS/SegBone.py
[0.841s] -- Installing: /home/nadia/ros2_humble/src/scanlite_analysis_ros2/install/scanlite_analysis_ros2/lib/scanlite_analysis_ros2/PyCATMAUS/TransFunction.py
[0.841s] -- Installing: /home/nadia/ros2_humble/src/scanlite_analysis_ros2/install/scanlite_analysis_ros2/share/scanlite_analysis_ros2/launch
[0.841s] -- Installing: /home/nadia/ros2_humble/src/scanlite_analysis_ros2/install/scanlite_analysis_ros2/share/scanlite_analysis_ros2/launch/segmentation_launch.py
[0.842s] -- Installing: /home/nadia/ros2_humble/src/scanlite_analysis_ros2/install/scanlite_analysis_ros2/share/scanlite_analysis_ros2/launch/segmentation.launch.xml
[0.842s] -- Installing: /home/nadia/ros2_humble/src/scanlite_analysis_ros2/install/scanlite_analysis_ros2/share/scanlite_analysis_ros2/scanlite_analysis_ros2
[0.842s] -- Installing: /home/nadia/ros2_humble/src/scanlite_analysis_ros2/install/scanlite_analysis_ros2/share/scanlite_analysis_ros2/scanlite_analysis_ros2/__init__.py
[0.842s] -- Installing: /home/nadia/ros2_humble/src/scanlite_analysis_ros2/install/scanlite_analysis_ros2/share/scanlite_analysis_ros2/scanlite_analysis_ros2/PyCATMAUS
[0.842s] -- Installing: /home/nadia/ros2_humble/src/scanlite_analysis_ros2/install/scanlite_analysis_ros2/share/scanlite_analysis_ros2/scanlite_analysis_ros2/PyCATMAUS/__init__.py
[0.842s] -- Installing: /home/nadia/ros2_humble/src/scanlite_analysis_ros2/install/scanlite_analysis_ros2/share/scanlite_analysis_ros2/scanlite_analysis_ros2/PyCATMAUS/test.py
[0.842s] -- Installing: /home/nadia/ros2_humble/src/scanlite_analysis_ros2/install/scanlite_analysis_ros2/share/scanlite_analysis_ros2/scanlite_analysis_ros2/PyCATMAUS/solver_test.py
[0.842s] -- Installing: /home/nadia/ros2_humble/src/scanlite_analysis_ros2/install/scanlite_analysis_ros2/share/scanlite_analysis_ros2/scanlite_analysis_ros2/PyCATMAUS/__pycache__
[0.843s] -- Installing: /home/nadia/ros2_humble/src/scanlite_analysis_ros2/install/scanlite_analysis_ros2/share/scanlite_analysis_ros2/scanlite_analysis_ros2/PyCATMAUS/__pycache__/__init__.cpython-38.pyc
[0.843s] -- Installing: /home/nadia/ros2_humble/src/scanlite_analysis_ros2/install/scanlite_analysis_ros2/share/scanlite_analysis_ros2/scanlite_analysis_ros2/PyCATMAUS/__pycache__/SegBone.cpython-38.pyc
[0.843s] -- Installing: /home/nadia/ros2_humble/src/scanlite_analysis_ros2/install/scanlite_analysis_ros2/share/scanlite_analysis_ros2/scanlite_analysis_ros2/PyCATMAUS/__pycache__/TransFunction.cpython-38.pyc
[0.843s] -- Installing: /home/nadia/ros2_humble/src/scanlite_analysis_ros2/install/scanlite_analysis_ros2/share/scanlite_analysis_ros2/scanlite_analysis_ros2/PyCATMAUS/SegBone.py
[0.843s] -- Installing: /home/nadia/ros2_humble/src/scanlite_analysis_ros2/install/scanlite_analysis_ros2/share/scanlite_analysis_ros2/scanlite_analysis_ros2/PyCATMAUS/TransFunction.py
[0.843s] -- Installing: /home/nadia/ros2_humble/src/scanlite_analysis_ros2/install/scanlite_analysis_ros2/share/scanlite_analysis_ros2/scanlite_analysis_ros2/reconstruction_node.py
[0.843s] -- Installing: /home/nadia/ros2_humble/src/scanlite_analysis_ros2/install/scanlite_analysis_ros2/share/scanlite_analysis_ros2/scanlite_analysis_ros2/DataAcqTool.py
[0.843s] -- Installing: /home/nadia/ros2_humble/src/scanlite_analysis_ros2/install/scanlite_analysis_ros2/share/scanlite_analysis_ros2/scanlite_analysis_ros2/rosbagtest.py
[0.844s] -- Installing: /home/nadia/ros2_humble/src/scanlite_analysis_ros2/install/scanlite_analysis_ros2/share/scanlite_analysis_ros2/scanlite_analysis_ros2/LiveDemoTool.py
[0.844s] -- Installing: /home/nadia/ros2_humble/src/scanlite_analysis_ros2/install/scanlite_analysis_ros2/share/scanlite_analysis_ros2/scanlite_analysis_ros2/segmentation_node.py
[0.844s] -- Installing: /home/nadia/ros2_humble/src/scanlite_analysis_ros2/install/scanlite_analysis_ros2/lib/scanlite_analysis_ros2/segmentation_node.py
[0.844s] -- Installing: /home/nadia/ros2_humble/src/scanlite_analysis_ros2/install/scanlite_analysis_ros2/lib/scanlite_analysis_ros2/LiveDemoTool.py
[0.844s] -- Installing: /home/nadia/ros2_humble/src/scanlite_analysis_ros2/install/scanlite_analysis_ros2/lib/scanlite_analysis_ros2/DataAcqTool.py
[0.844s] -- Installing: /home/nadia/ros2_humble/src/scanlite_analysis_ros2/install/scanlite_analysis_ros2/lib/scanlite_analysis_ros2/rosbagtest.py
[0.844s] -- Installing: /home/nadia/ros2_humble/src/scanlite_analysis_ros2/install/scanlite_analysis_ros2/lib/scanlite_analysis_ros2/reconstruction_node.py
[0.845s] -- Installing: /home/nadia/ros2_humble/src/scanlite_analysis_ros2/install/scanlite_analysis_ros2/share/ament_index/resource_index/package_run_dependencies/scanlite_analysis_ros2
[0.845s] -- Installing: /home/nadia/ros2_humble/src/scanlite_analysis_ros2/install/scanlite_analysis_ros2/share/ament_index/resource_index/parent_prefix_path/scanlite_analysis_ros2
[0.845s] -- Installing: /home/nadia/ros2_humble/src/scanlite_analysis_ros2/install/scanlite_analysis_ros2/share/scanlite_analysis_ros2/environment/ament_prefix_path.sh
[0.845s] -- Installing: /home/nadia/ros2_humble/src/scanlite_analysis_ros2/install/scanlite_analysis_ros2/share/scanlite_analysis_ros2/environment/ament_prefix_path.dsv
[0.845s] -- Installing: /home/nadia/ros2_humble/src/scanlite_analysis_ros2/install/scanlite_analysis_ros2/share/scanlite_analysis_ros2/environment/path.sh
[0.846s] -- Installing: /home/nadia/ros2_humble/src/scanlite_analysis_ros2/install/scanlite_analysis_ros2/share/scanlite_analysis_ros2/environment/path.dsv
[0.846s] -- Installing: /home/nadia/ros2_humble/src/scanlite_analysis_ros2/install/scanlite_analysis_ros2/share/scanlite_analysis_ros2/local_setup.bash
[0.846s] -- Installing: /home/nadia/ros2_humble/src/scanlite_analysis_ros2/install/scanlite_analysis_ros2/share/scanlite_analysis_ros2/local_setup.sh
[0.846s] -- Installing: /home/nadia/ros2_humble/src/scanlite_analysis_ros2/install/scanlite_analysis_ros2/share/scanlite_analysis_ros2/local_setup.zsh
[0.846s] -- Installing: /home/nadia/ros2_humble/src/scanlite_analysis_ros2/install/scanlite_analysis_ros2/share/scanlite_analysis_ros2/local_setup.dsv
[0.846s] -- Installing: /home/nadia/ros2_humble/src/scanlite_analysis_ros2/install/scanlite_analysis_ros2/share/scanlite_analysis_ros2/package.dsv
[0.847s] -- Installing: /home/nadia/ros2_humble/src/scanlite_analysis_ros2/install/scanlite_analysis_ros2/share/ament_index/resource_index/packages/scanlite_analysis_ros2
[0.847s] -- Installing: /home/nadia/ros2_humble/src/scanlite_analysis_ros2/install/scanlite_analysis_ros2/share/scanlite_analysis_ros2/cmake/scanlite_analysis_ros2Config.cmake
[0.847s] -- Installing: /home/nadia/ros2_humble/src/scanlite_analysis_ros2/install/scanlite_analysis_ros2/share/scanlite_analysis_ros2/cmake/scanlite_analysis_ros2Config-version.cmake
[0.847s] -- Installing: /home/nadia/ros2_humble/src/scanlite_analysis_ros2/install/scanlite_analysis_ros2/share/scanlite_analysis_ros2/package.xml
[0.849s] Invoked command in '/home/nadia/ros2_humble/src/scanlite_analysis_ros2/build/scanlite_analysis_ros2' returned '0': CMAKE_PREFIX_PATH=${CMAKE_PREFIX_PATH}:/opt/ros/humble:/home/nadia/ros2_humble/install/rqt_topic:/home/nadia/ros2_humble/install/rqt_srv:/home/nadia/ros2_humble/install/rqt_shell:/home/nadia/ros2_humble/install/rqt_service_caller:/home/nadia/ros2_humble/install/rqt_reconfigure:/home/nadia/ros2_humble/install/rqt_py_console:/home/nadia/ros2_humble/install/rqt_publisher:/home/nadia/ros2_humble/install/rqt_bag_plugins:/home/nadia/ros2_humble/install/rqt_plot:/home/nadia/ros2_humble/install/rqt_action:/home/nadia/ros2_humble/install/rqt_msg:/home/nadia/ros2_humble/install/rqt_console:/home/nadia/ros2_humble/install/rqt:/home/nadia/ros2_humble/install/rqt_graph:/home/nadia/ros2_humble/install/rqt_bag:/home/nadia/ros2_humble/install/rqt_gui_py:/home/nadia/ros2_humble/install/rqt_gui:/home/nadia/ros2_humble/install/stretch_funmap:/home/nadia/ros2_humble/install/stretch_calibration:/home/nadia/ros2_humble/install/stretch_demos:/home/nadia/ros2_humble/install/stretch_deep_perception:/home/nadia/ros2_humble/install/stretch_core:/home/nadia/ros2_humble/install/ros2_segmentation_viewer:/home/nadia/ros2_humble/install/hello_helpers:/home/nadia/ros2_humble/install/camera_info_manager_py /usr/bin/cmake --install /home/nadia/ros2_humble/src/scanlite_analysis_ros2/build/scanlite_analysis_ros2
